<?xml version="1.0" encoding="UTF-8"?>
<!-- Generated by org.testng.reporters.JUnitReportReporter -->
<testsuite hostname="DESKTOP-MRV9ANE" failures="0" tests="1" name="test_class.patch_TC1" time="1.039" errors="0" timestamp="2023-04-05T15:57:19 IST" skipped="0">
  <testcase classname="test_class.patch_TC1" name="orchestrator" time="1.039"/>
  <system-out/>
</testsuite> <!-- test_class.patch_TC1 -->
